<?xml version="1.0" encoding="UTF-8"?>
<!-- Generated by org.testng.reporters.JUnitReportReporter -->
<testsuite name="com.Tudu.utility.TC_dataDriven" tests="3" time="44.009" ignored="24" failures="0" timestamp="16 Dec 2021 07:04:55 GMT" skipped="0" hostname="DESKTOP-8VB0F45" errors="0">
  <testcase name="Aimdek" time="14.529" classname="com.Tudu.utility.TC_dataDriven"/>
  <testcase name="Aimdek" time="15.124" classname="com.Tudu.utility.TC_dataDriven"/>
  <testcase name="Aimdek" time="14.356" classname="com.Tudu.utility.TC_dataDriven"/>
  <testcase name="validateForgotPassword" classname="com.testcases.loginPageTest">
    <skipped/>
  </testcase> <!-- validateForgotPassword -->
  <testcase name="Login_TC_002" classname="com.testcases.loginPageTest">
    <skipped/>
  </testcase> <!-- Login_TC_002 -->
  <testcase name="validateSignUp" classname="com.testcases.loginPageTest">
    <skipped/>
  </testcase> <!-- validateSignUp -->
  <testcase name="tearDown" classname="com.TestBase.TestBase">
    <skipped/>
  </testcase> <!-- tearDown -->
  <testcase name="tearDown" classname="com.TestBase.TestBase">
    <skipped/>
  </testcase> <!-- tearDown -->
  <testcase name="tearDown" classname="com.TestBase.TestBase">
    <skipped/>
  </testcase> <!-- tearDown -->
  <testcase name="tearDown" classname="com.TestBase.TestBase">
    <skipped/>
  </testcase> <!-- tearDown -->
  <testcase name="tearDown" classname="com.TestBase.TestBase">
    <skipped/>
  </testcase> <!-- tearDown -->
  <testcase name="loadConfig" classname="com.TestBase.TestBase">
    <skipped/>
  </testcase> <!-- loadConfig -->
  <testcase name="loadConfig" classname="com.TestBase.TestBase">
    <skipped/>
  </testcase> <!-- loadConfig -->
  <testcase name="loadConfig" classname="com.TestBase.TestBase">
    <skipped/>
  </testcase> <!-- loadConfig -->
  <testcase name="loadConfig" classname="com.TestBase.TestBase">
    <skipped/>
  </testcase> <!-- loadConfig -->
  <testcase name="loadConfig" classname="com.TestBase.TestBase">
    <skipped/>
  </testcase> <!-- loadConfig -->
  <testcase name="homeProject" classname="com.testcases.homePageTest">
    <skipped/>
  </testcase> <!-- homeProject -->
  <testcase name="homeUserProfile" classname="com.testcases.homePageTest">
    <skipped/>
  </testcase> <!-- homeUserProfile -->
  <testcase name="homeCreateProject" classname="com.testcases.homePageTest">
    <skipped/>
  </testcase> <!-- homeCreateProject -->
  <testcase name="homeAddQuickCreatebtn" classname="com.testcases.homePageTest">
    <skipped/>
  </testcase> <!-- homeAddQuickCreatebtn -->
  <testcase name="homeTimesheet" classname="com.testcases.homePageTest">
    <skipped/>
  </testcase> <!-- homeTimesheet -->
  <testcase name="homeWorkflow" classname="com.testcases.homePageTest">
    <skipped/>
  </testcase> <!-- homeWorkflow -->
  <testcase name="homeNotifcationIcon" classname="com.testcases.homePageTest">
    <skipped/>
  </testcase> <!-- homeNotifcationIcon -->
  <testcase name="homeAppSettings" classname="com.testcases.homePageTest">
    <skipped/>
  </testcase> <!-- homeAppSettings -->
  <testcase name="homeSearchProject" classname="com.testcases.homePageTest">
    <skipped/>
  </testcase> <!-- homeSearchProject -->
  <testcase name="fogotPwdSubmit" classname="com.testcases.forgotPasswordPageTest">
    <skipped/>
  </testcase> <!-- fogotPwdSubmit -->
  <testcase name="createNewProject" classname="com.testcases.createProjectPageTest">
    <skipped/>
  </testcase> <!-- createNewProject -->
</testsuite> <!-- com.Tudu.utility.TC_dataDriven -->
