<?xml version="1.0" encoding="UTF-8"?>
<!-- Generated by org.testng.reporters.JUnitReportReporter -->
<testsuite name="com.testcases.homePageTest" tests="1" time="0.004" ignored="23" failures="0" timestamp="03 Jan 2022 13:27:57 GMT" skipped="1" hostname="DESKTOP-8VB0F45" errors="0">
  <testcase name="homeHeaderSearchBar" time="0.004" classname="com.testcases.homePageTest">
    <skipped/>
  </testcase> <!-- homeHeaderSearchBar -->
  <testcase name="tearDown" classname="com.TestBase.TestBase">
    <skipped/>
  </testcase> <!-- tearDown -->
  <testcase name="tearDown" classname="com.TestBase.TestBase">
    <skipped/>
  </testcase> <!-- tearDown -->
  <testcase name="tearDown" classname="com.TestBase.TestBase">
    <skipped/>
  </testcase> <!-- tearDown -->
  <testcase name="tearDown" classname="com.TestBase.TestBase">
    <skipped/>
  </testcase> <!-- tearDown -->
  <testcase name="loadConfig" classname="com.TestBase.TestBase">
    <skipped/>
  </testcase> <!-- loadConfig -->
  <testcase name="loadConfig" classname="com.TestBase.TestBase">
    <skipped/>
  </testcase> <!-- loadConfig -->
  <testcase name="loadConfig" classname="com.TestBase.TestBase">
    <skipped/>
  </testcase> <!-- loadConfig -->
  <testcase name="loadConfig" classname="com.TestBase.TestBase">
    <skipped/>
  </testcase> <!-- loadConfig -->
  <testcase name="fogotPwdSubmit" classname="com.testcases.forgotPasswordPageTest">
    <skipped/>
  </testcase> <!-- fogotPwdSubmit -->
  <testcase name="homeProject" classname="com.testcases.homePageTest">
    <skipped/>
  </testcase> <!-- homeProject -->
  <testcase name="homeUserProfile" classname="com.testcases.homePageTest">
    <skipped/>
  </testcase> <!-- homeUserProfile -->
  <testcase name="homeCreateProject" classname="com.testcases.homePageTest">
    <skipped/>
  </testcase> <!-- homeCreateProject -->
  <testcase name="homeAddQuickCreatebtn" classname="com.testcases.homePageTest">
    <skipped/>
  </testcase> <!-- homeAddQuickCreatebtn -->
  <testcase name="homeTimesheet" classname="com.testcases.homePageTest">
    <skipped/>
  </testcase> <!-- homeTimesheet -->
  <testcase name="homeWorkflow" classname="com.testcases.homePageTest">
    <skipped/>
  </testcase> <!-- homeWorkflow -->
  <testcase name="homeNotifcationIcon" classname="com.testcases.homePageTest">
    <skipped/>
  </testcase> <!-- homeNotifcationIcon -->
  <testcase name="homeAppSettings" classname="com.testcases.homePageTest">
    <skipped/>
  </testcase> <!-- homeAppSettings -->
  <testcase name="homeSearchProject" classname="com.testcases.homePageTest">
    <skipped/>
  </testcase> <!-- homeSearchProject -->
  <testcase name="createNewProject" classname="com.testcases.createProjectPageTest">
    <skipped/>
  </testcase> <!-- createNewProject -->
  <testcase name="validateForgotPassword" classname="com.testcases.loginPageTest">
    <skipped/>
  </testcase> <!-- validateForgotPassword -->
  <testcase name="Login_TC_002" classname="com.testcases.loginPageTest">
    <skipped/>
  </testcase> <!-- Login_TC_002 -->
  <testcase name="Login_TC_001" classname="com.testcases.loginPageTest">
    <skipped/>
  </testcase> <!-- Login_TC_001 -->
  <testcase name="validateSignUp" classname="com.testcases.loginPageTest">
    <skipped/>
  </testcase> <!-- validateSignUp -->
</testsuite> <!-- com.testcases.homePageTest -->
