<?xml version="1.0" encoding="UTF-8"?>
<!-- Generated by org.testng.reporters.JUnitReportReporter -->
<testsuite name="com.testcases.signUpTest" tests="2" time="13.843" ignored="3" failures="0" timestamp="20 Dec 2021 13:40:49 GMT" skipped="0" hostname="DESKTOP-8VB0F45" errors="0">
  <testcase name="signUpDetails" time="6.711" classname="com.testcases.signUpTest"/>
  <testcase name="signUpDetails" time="7.132" classname="com.testcases.signUpTest"/>
  <testcase name="fogotPwdSubmit" classname="com.testcases.forgotPasswordPageTest">
    <skipped/>
  </testcase> <!-- fogotPwdSubmit -->
  <testcase name="tearDown" classname="com.TestBase.TestBase">
    <skipped/>
  </testcase> <!-- tearDown -->
  <testcase name="loadConfig" classname="com.TestBase.TestBase">
    <skipped/>
  </testcase> <!-- loadConfig -->
</testsuite> <!-- com.testcases.signUpTest -->
