<?xml version="1.0" encoding="UTF-8"?>
<!-- Generated by org.testng.reporters.JUnitReportReporter -->
<testsuite name="com.testcases.forgotPasswordPageTest" tests="1" time="8.922" ignored="3" failures="0" timestamp="20 Dec 2021 13:40:49 GMT" skipped="0" hostname="DESKTOP-8VB0F45" errors="0">
  <testcase name="forgotPwdWorkEmail" time="8.922" classname="com.testcases.forgotPasswordPageTest"/>
  <testcase name="fogotPwdSubmit" classname="com.testcases.forgotPasswordPageTest">
    <skipped/>
  </testcase> <!-- fogotPwdSubmit -->
  <testcase name="tearDown" classname="com.TestBase.TestBase">
    <skipped/>
  </testcase> <!-- tearDown -->
  <testcase name="loadConfig" classname="com.TestBase.TestBase">
    <skipped/>
  </testcase> <!-- loadConfig -->
</testsuite> <!-- com.testcases.forgotPasswordPageTest -->
