<?xml version="1.0" encoding="UTF-8"?>
<!-- Generated by org.testng.reporters.JUnitReportReporter -->
<testsuite name="com.Tudu.utility.ExcelDemo" tests="1" time="0.000" ignored="0" failures="0" timestamp="15 Dec 2021 10:22:10 GMT" skipped="1" hostname="DESKTOP-8VB0F45" errors="0">
  <testcase name="tescase" time="0.000" classname="com.Tudu.utility.ExcelDemo">
    <skipped/>
  </testcase> <!-- tescase -->
</testsuite> <!-- com.Tudu.utility.ExcelDemo -->
