<?xml version="1.0" encoding="UTF-8"?>
<testsuite xmlns:xsi="http://www.w3.org/2001/XMLSchema-instance" xsi:noNamespaceSchemaLocation="https://maven.apache.org/surefire/maven-surefire-plugin/xsd/surefire-test-report-3.0.xsd" version="3.0" name="TestSuite" time="85.636" tests="5" errors="0" skipped="0" failures="0">
  <properties>
    <property name="sun.desktop" value="windows"/>
    <property name="awt.toolkit" value="sun.awt.windows.WToolkit"/>
    <property name="file.encoding.pkg" value="sun.io"/>
    <property name="java.specification.version" value="1.8"/>
    <property name="webdriver.chrome.driver" value="C:\Users\Vikesh\.cache\selenium\chromedriver\win32\96.0.4664.45\chromedriver.exe"/>
    <property name="sun.cpu.isalist" value="amd64"/>
    <property name="sun.jnu.encoding" value="Cp1252"/>
    <property name="java.class.path" value="C:\Users\Vikesh\git\MYtudu\TuduApplication\target\test-classes;C:\Users\Vikesh\git\MYtudu\TuduApplication\target\classes;C:\Users\Vikesh\.m2\repository\org\testng\testng\6.10\testng-6.10.jar;C:\Users\Vikesh\.m2\repository\com\beust\jcommander\1.48\jcommander-1.48.jar;C:\Users\Vikesh\.m2\repository\org\seleniumhq\selenium\selenium-java\3.141.59\selenium-java-3.141.59.jar;C:\Users\Vikesh\.m2\repository\org\seleniumhq\selenium\selenium-api\3.141.59\selenium-api-3.141.59.jar;C:\Users\Vikesh\.m2\repository\org\seleniumhq\selenium\selenium-chrome-driver\3.141.59\selenium-chrome-driver-3.141.59.jar;C:\Users\Vikesh\.m2\repository\org\seleniumhq\selenium\selenium-edge-driver\3.141.59\selenium-edge-driver-3.141.59.jar;C:\Users\Vikesh\.m2\repository\org\seleniumhq\selenium\selenium-firefox-driver\3.141.59\selenium-firefox-driver-3.141.59.jar;C:\Users\Vikesh\.m2\repository\org\seleniumhq\selenium\selenium-ie-driver\3.141.59\selenium-ie-driver-3.141.59.jar;C:\Users\Vikesh\.m2\repository\org\seleniumhq\selenium\selenium-opera-driver\3.141.59\selenium-opera-driver-3.141.59.jar;C:\Users\Vikesh\.m2\repository\org\seleniumhq\selenium\selenium-remote-driver\3.141.59\selenium-remote-driver-3.141.59.jar;C:\Users\Vikesh\.m2\repository\org\seleniumhq\selenium\selenium-safari-driver\3.141.59\selenium-safari-driver-3.141.59.jar;C:\Users\Vikesh\.m2\repository\org\seleniumhq\selenium\selenium-support\3.141.59\selenium-support-3.141.59.jar;C:\Users\Vikesh\.m2\repository\net\bytebuddy\byte-buddy\1.8.15\byte-buddy-1.8.15.jar;C:\Users\Vikesh\.m2\repository\org\apache\commons\commons-exec\1.3\commons-exec-1.3.jar;C:\Users\Vikesh\.m2\repository\com\google\guava\guava\25.0-jre\guava-25.0-jre.jar;C:\Users\Vikesh\.m2\repository\com\google\code\findbugs\jsr305\1.3.9\jsr305-1.3.9.jar;C:\Users\Vikesh\.m2\repository\org\checkerframework\checker-compat-qual\2.0.0\checker-compat-qual-2.0.0.jar;C:\Users\Vikesh\.m2\repository\com\google\errorprone\error_prone_annotations\2.1.3\error_prone_annotations-2.1.3.jar;C:\Users\Vikesh\.m2\repository\com\google\j2objc\j2objc-annotations\1.1\j2objc-annotations-1.1.jar;C:\Users\Vikesh\.m2\repository\org\codehaus\mojo\animal-sniffer-annotations\1.14\animal-sniffer-annotations-1.14.jar;C:\Users\Vikesh\.m2\repository\com\squareup\okhttp3\okhttp\3.11.0\okhttp-3.11.0.jar;C:\Users\Vikesh\.m2\repository\com\squareup\okio\okio\1.14.0\okio-1.14.0.jar;C:\Users\Vikesh\.m2\repository\org\apache\poi\poi\4.1.1\poi-4.1.1.jar;C:\Users\Vikesh\.m2\repository\commons-codec\commons-codec\1.13\commons-codec-1.13.jar;C:\Users\Vikesh\.m2\repository\org\apache\commons\commons-collections4\4.4\commons-collections4-4.4.jar;C:\Users\Vikesh\.m2\repository\org\apache\commons\commons-math3\3.6.1\commons-math3-3.6.1.jar;C:\Users\Vikesh\.m2\repository\com\aventstack\extentreports\4.0.9\extentreports-4.0.9.jar;C:\Users\Vikesh\.m2\repository\org\freemarker\freemarker\2.3.23\freemarker-2.3.23.jar;C:\Users\Vikesh\.m2\repository\org\mongodb\mongodb-driver\3.3.0\mongodb-driver-3.3.0.jar;C:\Users\Vikesh\.m2\repository\org\mongodb\mongodb-driver-core\3.3.0\mongodb-driver-core-3.3.0.jar;C:\Users\Vikesh\.m2\repository\org\mongodb\bson\3.3.0\bson-3.3.0.jar;C:\Users\Vikesh\.m2\repository\org\apache\httpcomponents\httpclient\4.5.2\httpclient-4.5.2.jar;C:\Users\Vikesh\.m2\repository\org\apache\httpcomponents\httpcore\4.4.4\httpcore-4.4.4.jar;C:\Users\Vikesh\.m2\repository\commons-logging\commons-logging\1.2\commons-logging-1.2.jar;C:\Users\Vikesh\.m2\repository\org\apache\httpcomponents\httpmime\4.5.2\httpmime-4.5.2.jar;C:\Users\Vikesh\.m2\repository\com\google\code\gson\gson\2.8.5\gson-2.8.5.jar;C:\Users\Vikesh\.m2\repository\log4j\log4j\1.2.17\log4j-1.2.17.jar;C:\Users\Vikesh\.m2\repository\org\apache\poi\poi-ooxml\4.1.1\poi-ooxml-4.1.1.jar;C:\Users\Vikesh\.m2\repository\org\apache\poi\poi-ooxml-schemas\4.1.1\poi-ooxml-schemas-4.1.1.jar;C:\Users\Vikesh\.m2\repository\org\apache\xmlbeans\xmlbeans\3.1.0\xmlbeans-3.1.0.jar;C:\Users\Vikesh\.m2\repository\org\apache\commons\commons-compress\1.19\commons-compress-1.19.jar;C:\Users\Vikesh\.m2\repository\com\github\virtuald\curvesapi\1.06\curvesapi-1.06.jar;C:\Users\Vikesh\.m2\repository\commons-io\commons-io\2.6\commons-io-2.6.jar;C:\Users\Vikesh\.m2\repository\io\github\bonigarcia\webdrivermanager\4.4.3\webdrivermanager-4.4.3.jar;C:\Users\Vikesh\.m2\repository\org\slf4j\slf4j-api\1.7.30\slf4j-api-1.7.30.jar;C:\Users\Vikesh\.m2\repository\org\apache\commons\commons-lang3\3.12.0\commons-lang3-3.12.0.jar;C:\Users\Vikesh\.m2\repository\org\apache\httpcomponents\client5\httpclient5\5.0.3\httpclient5-5.0.3.jar;C:\Users\Vikesh\.m2\repository\org\apache\httpcomponents\core5\httpcore5\5.0.2\httpcore5-5.0.2.jar;C:\Users\Vikesh\.m2\repository\org\apache\httpcomponents\core5\httpcore5-h2\5.0.2\httpcore5-h2-5.0.2.jar;C:\Users\Vikesh\.m2\repository\org\rauschig\jarchivelib\1.1.0\jarchivelib-1.1.0.jar;C:\Users\Vikesh\.m2\repository\org\jsoup\jsoup\1.13.1\jsoup-1.13.1.jar;"/>
    <property name="java.vm.vendor" value="Oracle Corporation"/>
    <property name="sun.arch.data.model" value="64"/>
    <property name="user.variant" value=""/>
    <property name="java.vendor.url" value="http://java.oracle.com/"/>
    <property name="user.timezone" value="Asia/Calcutta"/>
    <property name="java.vm.specification.version" value="1.8"/>
    <property name="os.name" value="Windows 10"/>
    <property name="user.country" value="IN"/>
    <property name="sun.java.launcher" value="SUN_STANDARD"/>
    <property name="sun.boot.library.path" value="C:\Program Files\Java\jdk1.8.0_311\jre\bin"/>
    <property name="sun.java.command" value="C:\Users\Vikesh\AppData\Local\Temp\surefire6539529298735853833\surefirebooter2950350228318285873.jar C:\Users\Vikesh\AppData\Local\Temp\surefire6539529298735853833 2022-01-03T19-20-10_466-jvmRun1 surefire634292426043356806tmp surefire_04831671259992500904tmp"/>
    <property name="surefire.test.class.path" value="C:\Users\Vikesh\git\MYtudu\TuduApplication\target\test-classes;C:\Users\Vikesh\git\MYtudu\TuduApplication\target\classes;C:\Users\Vikesh\.m2\repository\org\testng\testng\6.10\testng-6.10.jar;C:\Users\Vikesh\.m2\repository\com\beust\jcommander\1.48\jcommander-1.48.jar;C:\Users\Vikesh\.m2\repository\org\seleniumhq\selenium\selenium-java\3.141.59\selenium-java-3.141.59.jar;C:\Users\Vikesh\.m2\repository\org\seleniumhq\selenium\selenium-api\3.141.59\selenium-api-3.141.59.jar;C:\Users\Vikesh\.m2\repository\org\seleniumhq\selenium\selenium-chrome-driver\3.141.59\selenium-chrome-driver-3.141.59.jar;C:\Users\Vikesh\.m2\repository\org\seleniumhq\selenium\selenium-edge-driver\3.141.59\selenium-edge-driver-3.141.59.jar;C:\Users\Vikesh\.m2\repository\org\seleniumhq\selenium\selenium-firefox-driver\3.141.59\selenium-firefox-driver-3.141.59.jar;C:\Users\Vikesh\.m2\repository\org\seleniumhq\selenium\selenium-ie-driver\3.141.59\selenium-ie-driver-3.141.59.jar;C:\Users\Vikesh\.m2\repository\org\seleniumhq\selenium\selenium-opera-driver\3.141.59\selenium-opera-driver-3.141.59.jar;C:\Users\Vikesh\.m2\repository\org\seleniumhq\selenium\selenium-remote-driver\3.141.59\selenium-remote-driver-3.141.59.jar;C:\Users\Vikesh\.m2\repository\org\seleniumhq\selenium\selenium-safari-driver\3.141.59\selenium-safari-driver-3.141.59.jar;C:\Users\Vikesh\.m2\repository\org\seleniumhq\selenium\selenium-support\3.141.59\selenium-support-3.141.59.jar;C:\Users\Vikesh\.m2\repository\net\bytebuddy\byte-buddy\1.8.15\byte-buddy-1.8.15.jar;C:\Users\Vikesh\.m2\repository\org\apache\commons\commons-exec\1.3\commons-exec-1.3.jar;C:\Users\Vikesh\.m2\repository\com\google\guava\guava\25.0-jre\guava-25.0-jre.jar;C:\Users\Vikesh\.m2\repository\com\google\code\findbugs\jsr305\1.3.9\jsr305-1.3.9.jar;C:\Users\Vikesh\.m2\repository\org\checkerframework\checker-compat-qual\2.0.0\checker-compat-qual-2.0.0.jar;C:\Users\Vikesh\.m2\repository\com\google\errorprone\error_prone_annotations\2.1.3\error_prone_annotations-2.1.3.jar;C:\Users\Vikesh\.m2\repository\com\google\j2objc\j2objc-annotations\1.1\j2objc-annotations-1.1.jar;C:\Users\Vikesh\.m2\repository\org\codehaus\mojo\animal-sniffer-annotations\1.14\animal-sniffer-annotations-1.14.jar;C:\Users\Vikesh\.m2\repository\com\squareup\okhttp3\okhttp\3.11.0\okhttp-3.11.0.jar;C:\Users\Vikesh\.m2\repository\com\squareup\okio\okio\1.14.0\okio-1.14.0.jar;C:\Users\Vikesh\.m2\repository\org\apache\poi\poi\4.1.1\poi-4.1.1.jar;C:\Users\Vikesh\.m2\repository\commons-codec\commons-codec\1.13\commons-codec-1.13.jar;C:\Users\Vikesh\.m2\repository\org\apache\commons\commons-collections4\4.4\commons-collections4-4.4.jar;C:\Users\Vikesh\.m2\repository\org\apache\commons\commons-math3\3.6.1\commons-math3-3.6.1.jar;C:\Users\Vikesh\.m2\repository\com\aventstack\extentreports\4.0.9\extentreports-4.0.9.jar;C:\Users\Vikesh\.m2\repository\org\freemarker\freemarker\2.3.23\freemarker-2.3.23.jar;C:\Users\Vikesh\.m2\repository\org\mongodb\mongodb-driver\3.3.0\mongodb-driver-3.3.0.jar;C:\Users\Vikesh\.m2\repository\org\mongodb\mongodb-driver-core\3.3.0\mongodb-driver-core-3.3.0.jar;C:\Users\Vikesh\.m2\repository\org\mongodb\bson\3.3.0\bson-3.3.0.jar;C:\Users\Vikesh\.m2\repository\org\apache\httpcomponents\httpclient\4.5.2\httpclient-4.5.2.jar;C:\Users\Vikesh\.m2\repository\org\apache\httpcomponents\httpcore\4.4.4\httpcore-4.4.4.jar;C:\Users\Vikesh\.m2\repository\commons-logging\commons-logging\1.2\commons-logging-1.2.jar;C:\Users\Vikesh\.m2\repository\org\apache\httpcomponents\httpmime\4.5.2\httpmime-4.5.2.jar;C:\Users\Vikesh\.m2\repository\com\google\code\gson\gson\2.8.5\gson-2.8.5.jar;C:\Users\Vikesh\.m2\repository\log4j\log4j\1.2.17\log4j-1.2.17.jar;C:\Users\Vikesh\.m2\repository\org\apache\poi\poi-ooxml\4.1.1\poi-ooxml-4.1.1.jar;C:\Users\Vikesh\.m2\repository\org\apache\poi\poi-ooxml-schemas\4.1.1\poi-ooxml-schemas-4.1.1.jar;C:\Users\Vikesh\.m2\repository\org\apache\xmlbeans\xmlbeans\3.1.0\xmlbeans-3.1.0.jar;C:\Users\Vikesh\.m2\repository\org\apache\commons\commons-compress\1.19\commons-compress-1.19.jar;C:\Users\Vikesh\.m2\repository\com\github\virtuald\curvesapi\1.06\curvesapi-1.06.jar;C:\Users\Vikesh\.m2\repository\commons-io\commons-io\2.6\commons-io-2.6.jar;C:\Users\Vikesh\.m2\repository\io\github\bonigarcia\webdrivermanager\4.4.3\webdrivermanager-4.4.3.jar;C:\Users\Vikesh\.m2\repository\org\slf4j\slf4j-api\1.7.30\slf4j-api-1.7.30.jar;C:\Users\Vikesh\.m2\repository\org\apache\commons\commons-lang3\3.12.0\commons-lang3-3.12.0.jar;C:\Users\Vikesh\.m2\repository\org\apache\httpcomponents\client5\httpclient5\5.0.3\httpclient5-5.0.3.jar;C:\Users\Vikesh\.m2\repository\org\apache\httpcomponents\core5\httpcore5\5.0.2\httpcore5-5.0.2.jar;C:\Users\Vikesh\.m2\repository\org\apache\httpcomponents\core5\httpcore5-h2\5.0.2\httpcore5-h2-5.0.2.jar;C:\Users\Vikesh\.m2\repository\org\rauschig\jarchivelib\1.1.0\jarchivelib-1.1.0.jar;C:\Users\Vikesh\.m2\repository\org\jsoup\jsoup\1.13.1\jsoup-1.13.1.jar;"/>
    <property name="sun.cpu.endian" value="little"/>
    <property name="user.home" value="C:\Users\Vikesh"/>
    <property name="user.language" value="en"/>
    <property name="java.specification.vendor" value="Oracle Corporation"/>
    <property name="java.home" value="C:\Program Files\Java\jdk1.8.0_311\jre"/>
    <property name="basedir" value="C:\Users\Vikesh\git\MYtudu\TuduApplication"/>
    <property name="file.separator" value="\"/>
    <property name="line.separator" value="&#10;"/>
    <property name="java.vm.specification.vendor" value="Oracle Corporation"/>
    <property name="java.specification.name" value="Java Platform API Specification"/>
    <property name="java.awt.graphicsenv" value="sun.awt.Win32GraphicsEnvironment"/>
    <property name="surefire.real.class.path" value="C:\Users\Vikesh\AppData\Local\Temp\surefire6539529298735853833\surefirebooter2950350228318285873.jar"/>
    <property name="sun.boot.class.path" value="C:\Program Files\Java\jdk1.8.0_311\jre\lib\resources.jar;C:\Program Files\Java\jdk1.8.0_311\jre\lib\rt.jar;C:\Program Files\Java\jdk1.8.0_311\jre\lib\sunrsasign.jar;C:\Program Files\Java\jdk1.8.0_311\jre\lib\jsse.jar;C:\Program Files\Java\jdk1.8.0_311\jre\lib\jce.jar;C:\Program Files\Java\jdk1.8.0_311\jre\lib\charsets.jar;C:\Program Files\Java\jdk1.8.0_311\jre\lib\jfr.jar;C:\Program Files\Java\jdk1.8.0_311\jre\classes"/>
    <property name="user.script" value=""/>
    <property name="sun.management.compiler" value="HotSpot 64-Bit Tiered Compilers"/>
    <property name="java.runtime.version" value="1.8.0_311-b11"/>
    <property name="user.name" value="Vikesh"/>
    <property name="path.separator" value=";"/>
    <property name="os.version" value="10.0"/>
    <property name="java.endorsed.dirs" value="C:\Program Files\Java\jdk1.8.0_311\jre\lib\endorsed"/>
    <property name="java.runtime.name" value="Java(TM) SE Runtime Environment"/>
    <property name="file.encoding" value="Cp1252"/>
    <property name="java.vm.name" value="Java HotSpot(TM) 64-Bit Server VM"/>
    <property name="localRepository" value="C:\Users\Vikesh\.m2\repository"/>
    <property name="java.vendor.url.bug" value="http://bugreport.sun.com/bugreport/"/>
    <property name="java.io.tmpdir" value="C:\Users\Vikesh\AppData\Local\Temp\"/>
    <property name="java.version" value="1.8.0_311"/>
    <property name="user.dir" value="C:\Users\Vikesh\git\MYtudu\TuduApplication"/>
    <property name="os.arch" value="amd64"/>
    <property name="java.vm.specification.name" value="Java Virtual Machine Specification"/>
    <property name="java.awt.printerjob" value="sun.awt.windows.WPrinterJob"/>
    <property name="sun.os.patch.level" value=""/>
    <property name="java.library.path" value="C:\Program Files\Java\jdk1.8.0_311\jre\bin;C:\WINDOWS\Sun\Java\bin;C:\WINDOWS\system32;C:\WINDOWS;C:/Program Files/Java/jre1.8.0_311/bin/server;C:/Program Files/Java/jre1.8.0_311/bin;C:/Program Files/Java/jre1.8.0_311/lib/amd64;C:\Program Files (x86)\Common Files\Oracle\Java\javapath;C:\Program Files (x86)\Intel\iCLS Client\;C:\Program Files\Intel\iCLS Client\;C:\WINDOWS\system32;C:\WINDOWS;C:\WINDOWS\System32\Wbem;C:\WINDOWS\System32\WindowsPowerShell\v1.0\;C:\WINDOWS\System32\OpenSSH\;C:\Program Files (x86)\Intel\Intel(R) Management Engine Components\DAL;C:\Program Files\Intel\Intel(R) Management Engine Components\DAL;C:\Program Files (x86)\Intel\Intel(R) Management Engine Components\IPT;C:\Program Files\Intel\Intel(R) Management Engine Components\IPT;C:\Program Files\Java\jdk1.8.0_311\bin;C:\Users\Vikesh\apache-maven-3.8.4-bin\apache-maven-3.8.4\bin;C:\Users\Vikesh\AppData\Local\Programs\Git\cmd;C:\Users\Vikesh\AppData\Local\Programs\Git\bin;D:\apache-jmeter-5.4.2\apache-jmeter-5.4.2\bin;;C:\Users\Vikesh\Desktop\Eclipse set up\eclipse-jee-2020-06-R-win32-x86_64\eclipse;;."/>
    <property name="java.vm.info" value="mixed mode"/>
    <property name="java.vendor" value="Oracle Corporation"/>
    <property name="java.vm.version" value="25.311-b11"/>
    <property name="java.ext.dirs" value="C:\Program Files\Java\jdk1.8.0_311\jre\lib\ext;C:\WINDOWS\Sun\Java\lib\ext"/>
    <property name="sun.io.unicode.encoding" value="UnicodeLittle"/>
    <property name="java.class.version" value="52.0"/>
  </properties>
  <testcase name="forgotPwdWorkEmail[test@aimdek.com](1)" classname="com.testcases.forgotPasswordPageTest" time="0.452">
    <system-out><![CDATA[[TestNGContentHandler] [WARN] It is strongly recommended to add "<!DOCTYPE suite SYSTEM "http://testng.org/testng-1.0.dtd" >" at the top of your file, otherwise TestNG may fail or not work as expected.
log4j: reset attribute= "false".
log4j: Threshold ="null".
log4j: Level value for root is  [info].
log4j: root level set to INFO
log4j: Class name: [org.apache.log4j.ConsoleAppender]
log4j: Setting property [target] to [System.out].
log4j: Parsing layout of class: "org.apache.log4j.PatternLayout"
log4j: Setting property [conversionPattern] to [%d{yyyy-MM-dd HH:mm:ss} %-5p %c{1}:%L - %m%n].
log4j: Adding appender named [console] to category [root].
log4j: Class name: [org.apache.log4j.RollingFileAppender]
log4j: Setting property [file] to [log4j.log].
log4j: Parsing layout of class: "org.apache.log4j.PatternLayout"
log4j: Setting property [conversionPattern] to [%d{yyyy-MM-dd HH:mm:ss} %-5p %c{1}:%L - %m%n].
log4j: setFile called: log4j.log, true
log4j: setFile ended
log4j: Adding appender named [fileAppender] to category [root].
2022-01-03 19:20:14 INFO  Log:23 - Browser selected
chrome
Data Reading
2022-01-03 19:20:15 INFO  Log:23 - before suite Executing
http://abc.shopomate.com/#/login
2022-01-03 19:20:24 INFO  Log:23 - selected navigated to application URL
2022-01-03 19:20:24 INFO  Log:23 - maximizingchromewindow
2022-01-03 19:20:25 INFO  Log:11 - =====================================forgotPasswordPageTest TEST START=========================================
2022-01-03 19:20:25 INFO  Log:23 - Open Forget Password page
2022-01-03 19:20:25 INFO  Log:23 - Entered email address you registered with Tudutest@aimdek.com
]]></system-out>
    <system-err><![CDATA[SLF4J: Failed to load class "org.slf4j.impl.StaticLoggerBinder".
SLF4J: Defaulting to no-operation (NOP) logger implementation
SLF4J: See http://www.slf4j.org/codes.html#StaticLoggerBinder for further details.
Starting ChromeDriver 96.0.4664.45 (76e4c1bb2ab4671b8beba3444e61c0f17584b2fc-refs/branch-heads/4664@{#947}) on port 32633
Only local connections are allowed.
Please see https://chromedriver.chromium.org/security-considerations for suggestions on keeping ChromeDriver safe.
ChromeDriver was started successfully.
Jan 03, 2022 7:20:19 PM org.openqa.selenium.remote.ProtocolHandshake createSession
INFO: Detected dialect: W3C
]]></system-err>
  </testcase>
  <testcase name="signUpDetails[Vikesh, Patil, Test One, testone, test@gmail.com, test@gmail.com, https://www.testone.com, Pass123$](1)" classname="com.testcases.signUpTest" time="1.17">
    <system-out><![CDATA[2022-01-03 19:20:25 INFO  Log:16 - =====================================forgotPasswordPageTest TEST END=========================================
2022-01-03 19:20:29 INFO  Log:23 - Closing Browser
2022-01-03 19:20:30 INFO  Log:23 - Extent Report flush
2022-01-03 19:20:30 INFO  Log:23 - After suite Exiting
Data Reading
2022-01-03 19:20:30 INFO  Log:23 - before suite Executing
http://abc.shopomate.com/#/login
2022-01-03 19:20:37 INFO  Log:23 - selected navigated to application URL
2022-01-03 19:20:37 INFO  Log:23 - maximizingchromewindow
2022-01-03 19:20:38 INFO  Log:23 - Open sign up page
2022-01-03 19:20:38 INFO  Log:11 - =====================================signUpTest TEST START=========================================
2022-01-03 19:20:38 INFO  Log:23 - First name entered - Vikesh
2022-01-03 19:20:38 INFO  Log:23 - Last name entered - Patil
2022-01-03 19:20:38 INFO  Log:23 - Organization name entered - Test One
2022-01-03 19:20:38 INFO  Log:23 - Claim Url entered - testone
2022-01-03 19:20:38 INFO  Log:23 - Organization Email entered - test@gmail.com
2022-01-03 19:20:39 INFO  Log:23 - Work Email entered - test@gmail.com
2022-01-03 19:20:39 INFO  Log:23 - Website name entered - https://www.testone.com
2022-01-03 19:20:39 INFO  Log:23 - SignUp Password entered - Pass123$
]]></system-out>
    <system-err><![CDATA[Starting ChromeDriver 96.0.4664.45 (76e4c1bb2ab4671b8beba3444e61c0f17584b2fc-refs/branch-heads/4664@{#947}) on port 32424
Only local connections are allowed.
Please see https://chromedriver.chromium.org/security-considerations for suggestions on keeping ChromeDriver safe.
ChromeDriver was started successfully.
Jan 03, 2022 7:20:32 PM org.openqa.selenium.remote.ProtocolHandshake createSession
INFO: Detected dialect: W3C
]]></system-err>
  </testcase>
  <testcase name="signUpDetails[Harshil, Patil, Two, 2.0, 2test@gmail.com, test2@gmail.com, https://www.test2.com, Pass123@](2)" classname="com.testcases.signUpTest" time="1.29">
    <system-out><![CDATA[2022-01-03 19:20:39 INFO  Log:16 - =====================================signUpTest TEST END=========================================
2022-01-03 19:20:39 INFO  Log:23 - Closing Browser
2022-01-03 19:20:39 INFO  Log:23 - Extent Report flush
2022-01-03 19:20:39 INFO  Log:23 - After suite Exiting
2022-01-03 19:20:39 INFO  Log:23 - before suite Executing
http://abc.shopomate.com/#/login
2022-01-03 19:20:46 INFO  Log:23 - selected navigated to application URL
2022-01-03 19:20:47 INFO  Log:23 - maximizingchromewindow
2022-01-03 19:20:47 INFO  Log:23 - Open sign up page
2022-01-03 19:20:47 INFO  Log:11 - =====================================signUpTest TEST START=========================================
2022-01-03 19:20:47 INFO  Log:23 - First name entered - Harshil
2022-01-03 19:20:47 INFO  Log:23 - Last name entered - Patil
2022-01-03 19:20:47 INFO  Log:23 - Organization name entered - Two
2022-01-03 19:20:48 INFO  Log:23 - Claim Url entered - 2.0
2022-01-03 19:20:48 INFO  Log:23 - Organization Email entered - 2test@gmail.com
2022-01-03 19:20:48 INFO  Log:23 - Work Email entered - test2@gmail.com
2022-01-03 19:20:48 INFO  Log:23 - Website name entered - https://www.test2.com
2022-01-03 19:20:48 INFO  Log:23 - SignUp Password entered - Pass123@
]]></system-out>
    <system-err><![CDATA[Starting ChromeDriver 96.0.4664.45 (76e4c1bb2ab4671b8beba3444e61c0f17584b2fc-refs/branch-heads/4664@{#947}) on port 27298
Only local connections are allowed.
Please see https://chromedriver.chromium.org/security-considerations for suggestions on keeping ChromeDriver safe.
ChromeDriver was started successfully.
Jan 03, 2022 7:20:42 PM org.openqa.selenium.remote.ProtocolHandshake createSession
INFO: Detected dialect: W3C
]]></system-err>
  </testcase>
  <testcase name="NewProject[Vikesh one, Doing testing to create project, aaa, Account](1)" classname="com.testcases.createProjectPageTest" time="0.709">
    <system-out><![CDATA[2022-01-03 19:20:48 INFO  Log:16 - =====================================signUpTest TEST END=========================================
2022-01-03 19:20:48 INFO  Log:23 - Closing Browser
2022-01-03 19:20:49 INFO  Log:23 - Extent Report flush
2022-01-03 19:20:49 INFO  Log:23 - After suite Exiting
Data Reading
2022-01-03 19:20:49 INFO  Log:23 - before suite Executing
http://abc.shopomate.com/#/login
2022-01-03 19:21:02 INFO  Log:23 - selected navigated to application URL
2022-01-03 19:21:02 INFO  Log:23 - maximizingchromewindow
2022-01-03 19:21:02 INFO  Log:23 - Username Entered
2022-01-03 19:21:02 INFO  Log:23 - Username Entered
2022-01-03 19:21:02 INFO  Log:23 - Cliked on submit button
2022-01-03 19:21:10 INFO  Log:23 - Waring message of trial get closed
2022-01-03 19:21:15 INFO  Log:23 - Create project page open
2022-01-03 19:21:15 INFO  Log:11 - =====================================createProjectPageTest TEST START=========================================
2022-01-03 19:21:15 INFO  Log:23 - Entered value on project Name - Vikesh one
2022-01-03 19:21:15 INFO  Log:23 - Entered value on project Description - Doing testing to create project
2022-01-03 19:21:16 INFO  Log:23 - Entered value on project Type - Account
]]></system-out>
    <system-err><![CDATA[Starting ChromeDriver 96.0.4664.45 (76e4c1bb2ab4671b8beba3444e61c0f17584b2fc-refs/branch-heads/4664@{#947}) on port 1696
Only local connections are allowed.
Please see https://chromedriver.chromium.org/security-considerations for suggestions on keeping ChromeDriver safe.
ChromeDriver was started successfully.
Jan 03, 2022 7:20:53 PM org.openqa.selenium.remote.ProtocolHandshake createSession
INFO: Detected dialect: W3C
]]></system-err>
  </testcase>
  <testcase name="homeHeaderSearchBar[new app](1)" classname="com.testcases.homePageTest" time="9.157">
    <system-out><![CDATA[2022-01-03 19:21:16 INFO  Log:16 - =====================================createProjectPageTest TEST END=========================================
2022-01-03 19:21:16 INFO  Log:23 - Closing Browser
2022-01-03 19:21:16 INFO  Log:23 - Extent Report flush
2022-01-03 19:21:16 INFO  Log:23 - After suite Exiting
Data Reading
2022-01-03 19:21:16 INFO  Log:23 - before suite Executing
http://abc.shopomate.com/#/login
2022-01-03 19:21:23 INFO  Log:23 - selected navigated to application URL
2022-01-03 19:21:23 INFO  Log:23 - maximizingchromewindow
2022-01-03 19:21:23 INFO  Log:11 - =====================================homePageTest TEST START=========================================
2022-01-03 19:21:23 INFO  Log:23 - Username Entered
2022-01-03 19:21:24 INFO  Log:23 - Username Entered
2022-01-03 19:21:24 INFO  Log:23 - Cliked on submit button
2022-01-03 19:21:32 INFO  Log:23 - Waring message of trial get closed
2022-01-03 19:21:32 INFO  Log:23 - entered value on main search bar
]]></system-out>
    <system-err><![CDATA[Starting ChromeDriver 96.0.4664.45 (76e4c1bb2ab4671b8beba3444e61c0f17584b2fc-refs/branch-heads/4664@{#947}) on port 41853
Only local connections are allowed.
Please see https://chromedriver.chromium.org/security-considerations for suggestions on keeping ChromeDriver safe.
ChromeDriver was started successfully.
Jan 03, 2022 7:21:19 PM org.openqa.selenium.remote.ProtocolHandshake createSession
INFO: Detected dialect: W3C
]]></system-err>
  </testcase>
</testsuite>